<?xml version="1.0" encoding="UTF-8"?>
<!-- Generated by org.testng.reporters.JUnitReportReporter -->
<testsuite hostname="CM1VA707" failures="0" tests="1" name="Day_3.Sample2" time="0.009" errors="0" timestamp="2023-04-19T11:41:29 IST" skipped="0">
  <testcase classname="Day_3.Sample2" name="f" time="0.009"/>
  <system-out/>
</testsuite> <!-- Day_3.Sample2 -->
