<?xml version="1.0" encoding="UTF-8"?>
<!-- Generated by org.testng.reporters.JUnitReportReporter -->
<testsuite hostname="CM1VA707" failures="0" tests="3" name="Demofilesxml.Demo1" time="0.007" errors="0" timestamp="2023-04-19T12:04:30 IST" skipped="1">
  <testcase classname="Demofilesxml.Demo1" name="test2" time="0.002"/>
  <system-out>
    <![CDATA[i am method 2]]>
  </system-out>
  <testcase classname="Demofilesxml.Demo1" name="test3" time="0.003">
    <skipped/>
  </testcase> <!-- test3 -->
  <system-out>
    <![CDATA[i am method 3]]>
  </system-out>
  <testcase classname="Demofilesxml.Demo1" name="test1" time="0.002"/>
  <system-out>
    <![CDATA[i am method 1]]>
  </system-out>
</testsuite> <!-- Demofilesxml.Demo1 -->
