<?xml version="1.0" encoding="UTF-8"?>
<!-- Generated by org.testng.reporters.JUnitReportReporter -->
<testsuite hostname="CM1VA707" failures="0" tests="4" name="Day_3.Sample1" time="0.020" errors="0" timestamp="2023-04-19T12:01:07 IST" skipped="2">
  <testcase classname="Day_3.Sample1" name="test2" time="0.005"/>
  <system-out>
    <![CDATA[i am method 2]]>
  </system-out>
  <testcase classname="Day_3.Sample1" name="test3" time="0.004">
    <skipped/>
  </testcase> <!-- test3 -->
  <system-out>
    <![CDATA[i am method 3]]>
  </system-out>
  <testcase classname="Day_3.Sample1" name="test1" time="0.011"/>
  <system-out>
    <![CDATA[i am method 1]]>
  </system-out>
  <testcase classname="Day_3.Sample1" name="test4">
    <skipped/>
  </testcase> <!-- test4 -->
  <system-out/>
</testsuite> <!-- Day_3.Sample1 -->
