<?xml version="1.0" encoding="UTF-8"?>
<!-- Generated by org.testng.reporters.JUnitReportReporter -->
<testsuite hostname="CM1VA707" failures="0" tests="1" name="Anotations.Anottion" time="0.008" errors="0" timestamp="2023-04-19T12:17:30 IST" skipped="0">
  <testcase classname="Anotations.Anottion" name="test3" time="0.008"/>
  <system-out>
    <![CDATA[i am method ]]>
  </system-out>
</testsuite> <!-- Anotations.Anottion -->
