<?xml version="1.0" encoding="UTF-8"?>
<!-- Generated by org.testng.reporters.JUnitReportReporter -->
<testsuite hostname="CM1VA707" failures="0" tests="2" name="Anotations.NewDataProvider" time="0.018" errors="0" timestamp="2023-04-19T13:14:23 IST" skipped="0">
  <testcase classname="Anotations.NewDataProvider" name="f" time="0.007"/>
  <system-out/>
  <testcase classname="Anotations.NewDataProvider" name="f" time="0.011"/>
  <system-out/>
</testsuite> <!-- Anotations.NewDataProvider -->
