<?xml version="1.0" encoding="UTF-8"?>
<!-- Generated by org.testng.reporters.JUnitReportReporter -->
<testsuite hostname="CM1VA707" failures="0" tests="1" name="Day_3.Googlelaunch" time="1.191" errors="0" timestamp="2023-04-19T12:41:33 IST" skipped="0">
  <testcase classname="Day_3.Googlelaunch" name="validation" time="1.191"/>
  <system-out/>
</testsuite> <!-- Day_3.Googlelaunch -->
