<?xml version="1.0" encoding="UTF-8"?>
<!-- Generated by org.testng.reporters.JUnitReportReporter -->
<testsuite hostname="CM1VA707" failures="0" tests="3" name="Demofilesxml.Demo" time="0.017" errors="0" timestamp="2023-04-19T12:04:30 IST" skipped="1">
  <testcase classname="Demofilesxml.Demo" name="test5" time="0.004"/>
  <system-out>
    <![CDATA[i am method 5]]>
  </system-out>
  <testcase classname="Demofilesxml.Demo" name="test6" time="0.002">
    <skipped/>
  </testcase> <!-- test6 -->
  <system-out>
    <![CDATA[i am method 6]]>
  </system-out>
  <testcase classname="Demofilesxml.Demo" name="test4" time="0.011"/>
  <system-out>
    <![CDATA[i am method 4]]>
  </system-out>
</testsuite> <!-- Demofilesxml.Demo -->
